<?xml version="1.0" encoding="UTF-8"?>
<testng-results ignored="0" total="1" passed="1" failed="0" skipped="0">
  <reporter-output>
  </reporter-output>
  <suite started-at="2023-02-15T03:37:01 CST" name="Default suite" finished-at="2023-02-15T03:37:18 CST" duration-ms="16649">
    <groups>
    </groups>
    <test started-at="2023-02-15T03:37:01 CST" name="Default test" finished-at="2023-02-15T03:37:18 CST" duration-ms="16649">
      <class name="MetalAndroid.SignUp">
        <test-method is-config="true" signature="Setup()[pri:0, instance:MetalAndroid.SignUp@7ed7259e]" started-at="2023-02-15T03:37:02 CST" name="Setup" finished-at="2023-02-15T03:37:02 CST" duration-ms="10" status="PASS">
          <reporter-output>
          </reporter-output>
        </test-method> <!-- Setup -->
        <test-method signature="test()[pri:0, instance:MetalAndroid.SignUp@7ed7259e]" started-at="2023-02-15T03:37:02 CST" name="test" finished-at="2023-02-15T03:37:18 CST" duration-ms="16556" status="PASS">
          <reporter-output>
          </reporter-output>
        </test-method> <!-- test -->
      </class> <!-- MetalAndroid.SignUp -->
    </test> <!-- Default test -->
  </suite> <!-- Default suite -->
</testng-results>
